Logfile initialized
[INFO] logfile = /Users/helen.watson/Documents/Titanium Studio Workspace/TestDBProject/build.log
[DEBUG] /Library/Application Support/Titanium/mobilesdk/osx/1.7.5/android/builder.py simulator TestDBProject /Users/helen.watson/android-sdk-macosx /Users/helen.watson/Documents/Titanium Studio Workspace/TestDBProject com.test.project 23 WVGA854 10.37.129.2:56487
[INFO] Building TestDBProject for Android ... one moment
[INFO] Titanium SDK version: 1.7.5 (11/02/11 17:00 ab20af7)
[DEBUG] Waiting for device to be ready ...
[TRACE] adb devices returned 0 devices/emulators
[TRACE] adb devices returned 1 devices/emulators
[TRACE] adb devices returned 1 devices/emulators
[TRACE] adb devices returned 1 devices/emulators
[TRACE] adb devices returned 1 devices/emulators
[DEBUG] Device connected... (waited 20 seconds)
[DEBUG] waited 20.045922 seconds on emulator to get ready
[INFO] Waiting for the Android Emulator to become available
[ERROR] Timed out waiting for android.process.acore
[DEBUG] com.test.project installed? False
[WARN] Fastdev enabled, but server isn't running, deploying normally
[INFO] Copying project resources..
[INFO] Detected tiapp.xml change (or assets deleted), forcing full re-build...
[TRACE] COPYING CREATED FILE: /Users/helen.watson/Documents/Titanium Studio Workspace/TestDBProject/Resources/android/appicon.png => /Users/helen.watson/Documents/Titanium Studio Workspace/TestDBProject/build/android/bin/assets/Resources/appicon.png
[TRACE] COPYING CREATED FILE: /Users/helen.watson/Documents/Titanium Studio Workspace/TestDBProject/Resources/android/default.png => /Users/helen.watson/Documents/Titanium Studio Workspace/TestDBProject/build/android/bin/assets/Resources/default.png
[TRACE] COPYING CREATED FILE: /Users/helen.watson/Documents/Titanium Studio Workspace/TestDBProject/Resources/app.js => /Users/helen.watson/Documents/Titanium Studio Workspace/TestDBProject/build/android/bin/assets/Resources/app.js
[TRACE] COPYING CREATED FILE: /Users/helen.watson/Documents/Titanium Studio Workspace/TestDBProject/Resources/KS_nav_ui.png => /Users/helen.watson/Documents/Titanium Studio Workspace/TestDBProject/build/android/bin/assets/Resources/KS_nav_ui.png
[TRACE] COPYING CREATED FILE: /Users/helen.watson/Documents/Titanium Studio Workspace/TestDBProject/Resources/KS_nav_views.png => /Users/helen.watson/Documents/Titanium Studio Workspace/TestDBProject/build/android/bin/assets/Resources/KS_nav_views.png
[TRACE] COPYING CREATED FILE: /Users/helen.watson/Documents/Titanium Studio Workspace/TestDBProject/Resources/main_windows/exersize.js => /Users/helen.watson/Documents/Titanium Studio Workspace/TestDBProject/build/android/bin/assets/Resources/main_windows/exersize.js
[TRACE] COPYING CREATED FILE: /Users/helen.watson/Documents/Titanium Studio Workspace/TestDBProject/Resources/main_windows/exersizes.js => /Users/helen.watson/Documents/Titanium Studio Workspace/TestDBProject/build/android/bin/assets/Resources/main_windows/exersizes.js
[TRACE] COPYING CREATED FILE: /Users/helen.watson/Documents/Titanium Studio Workspace/TestDBProject/Resources/main_windows/instructor.js => /Users/helen.watson/Documents/Titanium Studio Workspace/TestDBProject/build/android/bin/assets/Resources/main_windows/instructor.js
[TRACE] COPYING CREATED FILE: /Users/helen.watson/Documents/Titanium Studio Workspace/TestDBProject/Resources/topnotchtrx.sqlite => /Users/helen.watson/Documents/Titanium Studio Workspace/TestDBProject/build/android/bin/assets/Resources/topnotchtrx.sqlite
[TRACE] Generating Java Classes
[DEBUG] Processing Android resource drawables
[DEBUG] app stylesheet => /Users/helen.watson/Documents/Titanium Studio Workspace/TestDBProject/build/android/gen/com/test/project/ApplicationStylesheet.java
[DEBUG] copying app icon: /Users/helen.watson/Documents/Titanium Studio Workspace/TestDBProject/build/android/bin/assets/Resources/appicon.png
[DEBUG] generating theme.xml
[DEBUG] found drawable-long-land-hdpi splash screen at /Users/helen.watson/Documents/Titanium Studio Workspace/TestDBProject/Resources/android/images/res-long-land-hdpi/default.png
[DEBUG] copying /Users/helen.watson/Documents/Titanium Studio Workspace/TestDBProject/Resources/android/images/res-long-land-hdpi/default.png splash screen to /Users/helen.watson/Documents/Titanium Studio Workspace/TestDBProject/build/android/res/drawable-long-land-hdpi/background.png
[DEBUG] found drawable-long-land-ldpi splash screen at /Users/helen.watson/Documents/Titanium Studio Workspace/TestDBProject/Resources/android/images/res-long-land-ldpi/default.png
[DEBUG] copying /Users/helen.watson/Documents/Titanium Studio Workspace/TestDBProject/Resources/android/images/res-long-land-ldpi/default.png splash screen to /Users/helen.watson/Documents/Titanium Studio Workspace/TestDBProject/build/android/res/drawable-long-land-ldpi/background.png
[DEBUG] found drawable-long-port-hdpi splash screen at /Users/helen.watson/Documents/Titanium Studio Workspace/TestDBProject/Resources/android/images/res-long-port-hdpi/default.png
[DEBUG] copying /Users/helen.watson/Documents/Titanium Studio Workspace/TestDBProject/Resources/android/images/res-long-port-hdpi/default.png splash screen to /Users/helen.watson/Documents/Titanium Studio Workspace/TestDBProject/build/android/res/drawable-long-port-hdpi/background.png
[DEBUG] found drawable-long-port-ldpi splash screen at /Users/helen.watson/Documents/Titanium Studio Workspace/TestDBProject/Resources/android/images/res-long-port-ldpi/default.png
[DEBUG] copying /Users/helen.watson/Documents/Titanium Studio Workspace/TestDBProject/Resources/android/images/res-long-port-ldpi/default.png splash screen to /Users/helen.watson/Documents/Titanium Studio Workspace/TestDBProject/build/android/res/drawable-long-port-ldpi/background.png
[DEBUG] found drawable-notlong-land-hdpi splash screen at /Users/helen.watson/Documents/Titanium Studio Workspace/TestDBProject/Resources/android/images/res-notlong-land-hdpi/default.png
[DEBUG] copying /Users/helen.watson/Documents/Titanium Studio Workspace/TestDBProject/Resources/android/images/res-notlong-land-hdpi/default.png splash screen to /Users/helen.watson/Documents/Titanium Studio Workspace/TestDBProject/build/android/res/drawable-notlong-land-hdpi/background.png
[DEBUG] found drawable-notlong-land-ldpi splash screen at /Users/helen.watson/Documents/Titanium Studio Workspace/TestDBProject/Resources/android/images/res-notlong-land-ldpi/default.png
[DEBUG] copying /Users/helen.watson/Documents/Titanium Studio Workspace/TestDBProject/Resources/android/images/res-notlong-land-ldpi/default.png splash screen to /Users/helen.watson/Documents/Titanium Studio Workspace/TestDBProject/build/android/res/drawable-notlong-land-ldpi/background.png
[DEBUG] found drawable-notlong-land-mdpi splash screen at /Users/helen.watson/Documents/Titanium Studio Workspace/TestDBProject/Resources/android/images/res-notlong-land-mdpi/default.png
[DEBUG] copying /Users/helen.watson/Documents/Titanium Studio Workspace/TestDBProject/Resources/android/images/res-notlong-land-mdpi/default.png splash screen to /Users/helen.watson/Documents/Titanium Studio Workspace/TestDBProject/build/android/res/drawable-notlong-land-mdpi/background.png
[DEBUG] found drawable-notlong-port-hdpi splash screen at /Users/helen.watson/Documents/Titanium Studio Workspace/TestDBProject/Resources/android/images/res-notlong-port-hdpi/default.png
[DEBUG] copying /Users/helen.watson/Documents/Titanium Studio Workspace/TestDBProject/Resources/android/images/res-notlong-port-hdpi/default.png splash screen to /Users/helen.watson/Documents/Titanium Studio Workspace/TestDBProject/build/android/res/drawable-notlong-port-hdpi/background.png
[DEBUG] found drawable-notlong-port-ldpi splash screen at /Users/helen.watson/Documents/Titanium Studio Workspace/TestDBProject/Resources/android/images/res-notlong-port-ldpi/default.png
[DEBUG] copying /Users/helen.watson/Documents/Titanium Studio Workspace/TestDBProject/Resources/android/images/res-notlong-port-ldpi/default.png splash screen to /Users/helen.watson/Documents/Titanium Studio Workspace/TestDBProject/build/android/res/drawable-notlong-port-ldpi/background.png
[DEBUG] found drawable-notlong-port-mdpi splash screen at /Users/helen.watson/Documents/Titanium Studio Workspace/TestDBProject/Resources/android/images/res-notlong-port-mdpi/default.png
[DEBUG] copying /Users/helen.watson/Documents/Titanium Studio Workspace/TestDBProject/Resources/android/images/res-notlong-port-mdpi/default.png splash screen to /Users/helen.watson/Documents/Titanium Studio Workspace/TestDBProject/build/android/res/drawable-notlong-port-mdpi/background.png
[DEBUG] found splash screen at /Users/helen.watson/Documents/Titanium Studio Workspace/TestDBProject/build/android/bin/assets/Resources/default.png
[TRACE] Writing out AndroidManifest.xml
[DEBUG] adding /Users/helen.watson/Documents/Titanium Studio Workspace/TestDBProject/build/android/gen/com/test/project/ApplicationStylesheet.java to javac build list
[DEBUG] adding /Users/helen.watson/Documents/Titanium Studio Workspace/TestDBProject/build/android/gen/com/test/project/R.java to javac build list
[DEBUG] adding /Users/helen.watson/Documents/Titanium Studio Workspace/TestDBProject/build/android/gen/com/test/project/TestdbprojectActivity.java to javac build list
[DEBUG] adding /Users/helen.watson/Documents/Titanium Studio Workspace/TestDBProject/build/android/gen/com/test/project/TestdbprojectAppInfo.java to javac build list
[DEBUG] adding /Users/helen.watson/Documents/Titanium Studio Workspace/TestDBProject/build/android/gen/com/test/project/TestdbprojectApplication.java to javac build list
[DEBUG] Building Java Sources: "/Users/helen.watson/Documents/Titanium Studio Workspace/TestDBProject/build/android/gen/com/test/project/ApplicationStylesheet.java" "/Users/helen.watson/Documents/Titanium Studio Workspace/TestDBProject/build/android/gen/com/test/project/R.java" "/Users/helen.watson/Documents/Titanium Studio Workspace/TestDBProject/build/android/gen/com/test/project/TestdbprojectActivity.java" "/Users/helen.watson/Documents/Titanium Studio Workspace/TestDBProject/build/android/gen/com/test/project/TestdbprojectAppInfo.java" "/Users/helen.watson/Documents/Titanium Studio Workspace/TestDBProject/build/android/gen/com/test/project/TestdbprojectApplication.java"
[INFO] Waiting for SDCard to become available..
[ERROR] Timed out waiting for SDCard to become available (60s)
[INFO] Compiling Android Resources... This could take some time
[DEBUG] Android classes.dex built
[DEBUG] creating unsigned apk: /Users/helen.watson/Documents/Titanium Studio Workspace/TestDBProject/build/android/bin/app-unsigned.apk
[DEBUG] from resource zip => assets/Resources/main_windows/exersize.js
[DEBUG] from resource zip => assets/Resources/main_windows/exersizes.js
[DEBUG] from resource zip => assets/Resources/main_windows/instructor.js
[DEBUG] from resource zip => assets/Resources/KS_nav_ui.png
[DEBUG] from resource zip => assets/Resources/KS_nav_views.png
[DEBUG] from resource zip => assets/Resources/app.js
[DEBUG] from resource zip => assets/Resources/appicon.png
[DEBUG] from resource zip => assets/Resources/default.png
[DEBUG] from resource zip => assets/Resources/topnotchtrx.sqlite
[DEBUG] from resource zip => assets/tiapp.xml
[DEBUG] from resource zip => res/drawable/appicon.png
[DEBUG] from resource zip => res/drawable/background.png
[DEBUG] from resource zip => res/layout/titanium_tabgroup.xml
[DEBUG] from resource zip => AndroidManifest.xml
[DEBUG] from resource zip => resources.arsc
[DEBUG] from resource zip => res/drawable-long-land-hdpi/background.png
[DEBUG] from resource zip => res/drawable-long-land-ldpi/background.png
[DEBUG] from resource zip => res/drawable-long-port-hdpi/background.png
[DEBUG] from resource zip => res/drawable-long-port-ldpi/background.png
[DEBUG] from resource zip => res/drawable-notlong-land-hdpi/background.png
[DEBUG] from resource zip => res/drawable-notlong-land-ldpi/background.png
[DEBUG] from resource zip => res/drawable-notlong-land-mdpi/background.png
[DEBUG] from resource zip => res/drawable-notlong-port-hdpi/background.png
[DEBUG] from resource zip => res/drawable-notlong-port-ldpi/background.png
[DEBUG] from resource zip => res/drawable-notlong-port-mdpi/background.png
[DEBUG] from JAR /Library/Application Support/Titanium/mobilesdk/osx/1.7.5/android/titanium.jar => org/apache/Commons-NOTICE.txt
[DEBUG] from JAR /Library/Application Support/Titanium/mobilesdk/osx/1.7.5/android/titanium.jar => org/apache/HttpComponents-NOTICE.txt
[DEBUG] from JAR /Library/Application Support/Titanium/mobilesdk/osx/1.7.5/android/titanium.jar => org/apache/mime4j-NOTICE.txt
[DEBUG] from JAR /Library/Application Support/Titanium/mobilesdk/osx/1.7.5/android/titanium.jar => org/appcelerator/titanium/build.properties
[DEBUG] from JAR /Library/Application Support/Titanium/mobilesdk/osx/1.7.5/android/titanium.jar => org/appcelerator/titanium/res/drawable/background.png
[DEBUG] from JAR /Library/Application Support/Titanium/mobilesdk/osx/1.7.5/android/titanium.jar => org/appcelerator/titanium/res/drawable/btn_check_buttonless_on.png
[DEBUG] from JAR /Library/Application Support/Titanium/mobilesdk/osx/1.7.5/android/titanium.jar => org/appcelerator/titanium/res/drawable/btn_check_buttonless_on_18.png
[DEBUG] from JAR /Library/Application Support/Titanium/mobilesdk/osx/1.7.5/android/titanium.jar => org/appcelerator/titanium/res/drawable/btn_check_buttonless_on_48.png
[DEBUG] from JAR /Library/Application Support/Titanium/mobilesdk/osx/1.7.5/android/titanium.jar => org/appcelerator/titanium/res/drawable/btn_more.png
[DEBUG] from JAR /Library/Application Support/Titanium/mobilesdk/osx/1.7.5/android/titanium.jar => org/appcelerator/titanium/res/drawable/btn_more_18.png
[DEBUG] from JAR /Library/Application Support/Titanium/mobilesdk/osx/1.7.5/android/titanium.jar => org/appcelerator/titanium/res/drawable/btn_more_48.png
[DEBUG] from JAR /Library/Application Support/Titanium/mobilesdk/osx/1.7.5/android/titanium.jar => org/appcelerator/titanium/res/drawable/btn_picker_normal.9.png
[DEBUG] from JAR /Library/Application Support/Titanium/mobilesdk/osx/1.7.5/android/titanium.jar => org/appcelerator/titanium/res/drawable/btn_picker_pressed.9.png
[DEBUG] from JAR /Library/Application Support/Titanium/mobilesdk/osx/1.7.5/android/titanium.jar => org/appcelerator/titanium/res/drawable/btn_picker_selected.9.png
[DEBUG] from JAR /Library/Application Support/Titanium/mobilesdk/osx/1.7.5/android/titanium.jar => org/appcelerator/titanium/res/drawable/default_icon.png
[DEBUG] from JAR /Library/Application Support/Titanium/mobilesdk/osx/1.7.5/android/titanium.jar => org/appcelerator/titanium/res/drawable/photoDefault.png
[DEBUG] from JAR /Library/Application Support/Titanium/mobilesdk/osx/1.7.5/android/smalljs.jar => org/mozilla/javascript/resources/Messages.properties
[DEBUG] from JAR /Library/Application Support/Titanium/mobilesdk/osx/1.7.5/android/smalljs.jar => org/mozilla/javascript/resources/Messages_fr.properties
[DEBUG] from JAR /Library/Application Support/Titanium/mobilesdk/osx/1.7.5/android/modules/titanium-ui.jar => ti/modules/titanium/ui/widget/webview/binding.js
[DEBUG] from JAR /Library/Application Support/Titanium/mobilesdk/osx/1.7.5/android/modules/titanium-ui.jar => ti/modules/titanium/ui/widget/webview/binding.min.js
[DEBUG] from JAR /Library/Application Support/Titanium/mobilesdk/osx/1.7.5/android/modules/titanium-ui.jar => ti/modules/titanium/ui/widget/webview/json2.js
[DEBUG] Waiting for device to be ready ...
[TRACE] adb devices returned 1 devices/emulators
[DEBUG] Device connected... (waited 0 seconds)
[DEBUG] waited 0.009548 seconds on emulator to get ready
[INFO] Installing application on device
[INFO] Android Emulator has exited
